19/07/2022 20:09:59	This log contains information about the import schema operation into project 'TotalMobileChallenge.Database' on computer 'DESKTOP-QD8JMOM' by user 'terry'.
19/07/2022 20:09:59	Import of database schema has started.
19/07/2022 20:10:03	Gathering database credentials
19/07/2022 20:10:03	Gathering database options
19/07/2022 20:10:03	Gathering generic database scoped configuration option
19/07/2022 20:10:03	Gathering users
19/07/2022 20:10:03	Gathering roles
19/07/2022 20:10:03	Gathering application roles
19/07/2022 20:10:03	Gathering role memberships
19/07/2022 20:10:03	Gathering filegroups
19/07/2022 20:10:03	Gathering full-text catalogs
19/07/2022 20:10:03	Gathering assemblies
19/07/2022 20:10:03	Gathering certificates
19/07/2022 20:10:03	Gathering asymmetric keys
19/07/2022 20:10:03	Gathering symmetric keys
19/07/2022 20:10:03	Gathering encrypted symmetric keys
19/07/2022 20:10:03	Gathering schemas
19/07/2022 20:10:03	Gathering XML schema collections
19/07/2022 20:10:03	Gathering user-defined data types
19/07/2022 20:10:03	Gathering user-defined types
19/07/2022 20:10:03	Gathering table types
19/07/2022 20:10:03	Gathering unique keys for table types
19/07/2022 20:10:03	Gathering primary keys for table types
19/07/2022 20:10:03	Gathering indexes for table types
19/07/2022 20:10:03	Gathering check constraints for table types
19/07/2022 20:10:03	Gathering default constraints for table types
19/07/2022 20:10:03	Gathering partition functions
19/07/2022 20:10:03	Gathering partition schemes
19/07/2022 20:10:03	Gathering functions
19/07/2022 20:10:03	Gathering encrypted functions
19/07/2022 20:10:03	Gathering aggregates
19/07/2022 20:10:03	Gathering procedures
19/07/2022 20:10:03	Gathering encrypted procedures
19/07/2022 20:10:03	Gathering tables
19/07/2022 20:10:03	Gathering primary keys
19/07/2022 20:10:03	Gathering unique constraints
19/07/2022 20:10:03	Gathering foreign keys
19/07/2022 20:10:03	Gathering default constraints
19/07/2022 20:10:03	Gathering check constraints
19/07/2022 20:10:03	Gathering views
19/07/2022 20:10:03	Gathering encrypted views
19/07/2022 20:10:03	Gathering indexes
19/07/2022 20:10:03	Gathering statistics
19/07/2022 20:10:03	Gathering full-text index stoplists
19/07/2022 20:10:03	Gathering search property lists
19/07/2022 20:10:03	Gathering search properties
19/07/2022 20:10:03	Gathering full-text indexes
19/07/2022 20:10:03	Gathering column store indexes
19/07/2022 20:10:03	Gathering spatial indexes
19/07/2022 20:10:03	Gathering XML indexes
19/07/2022 20:10:03	Gathering Selective XML indexes
19/07/2022 20:10:03	Gathering encrypted triggers
19/07/2022 20:10:03	Gathering triggers
19/07/2022 20:10:03	Gathering encrypted and clr ddl triggers
19/07/2022 20:10:03	Gathering ddl triggers
19/07/2022 20:10:03	Creating edge constraints
19/07/2022 20:10:03	Gathering synonyms
19/07/2022 20:10:03	Gathering defaults
19/07/2022 20:10:03	Gathering data constraint uddt bindings
19/07/2022 20:10:03	Gathering rules
19/07/2022 20:10:03	Gathering data constraint uddt bindings
19/07/2022 20:10:03	Gathering message types
19/07/2022 20:10:03	Gathering queues
19/07/2022 20:10:03	Gathering contracts
19/07/2022 20:10:03	Gathering services
19/07/2022 20:10:03	Gathering event notifications
19/07/2022 20:10:03	Gathering remote service bindings
19/07/2022 20:10:03	Gathering broker priorities
19/07/2022 20:10:03	Gathering signatures
19/07/2022 20:10:03	Gathering data compression options
19/07/2022 20:10:03	Gathering sequence types
19/07/2022 20:10:03	Gathering security policies
19/07/2022 20:10:03	Gather column encryption keys
19/07/2022 20:10:03	Gathering column master keys
19/07/2022 20:10:03	Gathering external data sources
19/07/2022 20:10:03	Gathering external file formats
19/07/2022 20:10:03	Gathering external tables
19/07/2022 20:10:03	Gathering extended properties
19/07/2022 20:10:03	Gathering assemblies
19/07/2022 20:10:03	Gathering credentials
19/07/2022 20:10:03	Gathering logins
19/07/2022 20:10:03	Gathering server audits
19/07/2022 20:10:04	Scanning project for duplicate elements
19/07/2022 20:10:04	Finished duplicate element processing
19/07/2022 20:10:04	Finished importing database.
19/07/2022 20:10:04	A summary of the import was saved to the following location: C:\Users\terry\source\repos\TotalMobileChallenge\TotalMobileChallenge.Database\Import Schema Logs\TotalMobileChallenge_20220719070959.log
19/07/2022 20:10:04	Click Finish to continue...
